[INFO ] 2020-07-17 22:30:38,878 TestForm1ParameterizedSeleniumKursFireFox.setUp() - Initialisiere Webdriver
[INFO ] 2020-07-17 22:30:45,060 TestForm1ParameterizedSeleniumKursFireFox.testForm1() - Starte TestForm1 Testseite
[INFO ] 2020-07-17 22:30:47,058 TestForm1ParameterizedSeleniumKursFireFox.testForm1() - Login war erfolgreich
[INFO ] 2020-07-17 22:30:48,930 TestForm1ParameterizedSeleniumKursFireFox.testForm1() - Navigation zum Formular
[INFO ] 2020-07-17 22:30:48,932 TestForm1ParameterizedSeleniumKursFireFox.testForm1() - Starte Eingabe Formular
[INFO ] 2020-07-17 22:30:50,888 TestForm1ParameterizedSeleniumKursFireFox.testForm1() - Eingaben durchgeführt. Speicher das Formular
[INFO ] 2020-07-17 22:30:51,587 TestForm1ParameterizedSeleniumKursFireFox.tearDown() - Test abgeschlossen- ich räume
[INFO ] 2020-07-17 23:18:55,704 TestForm1ParameterizedSeleniumKursFireFox.setUp() - Initialisiere Webdriver
[INFO ] 2020-07-17 23:19:01,344 TestForm1ParameterizedSeleniumKursFireFox.testForm1() - Starte TestForm1 Testseite
[INFO ] 2020-07-17 23:19:02,217 TestForm1ParameterizedSeleniumKursFireFox.testForm1() - Login war erfolgreich
[INFO ] 2020-07-17 23:19:03,763 TestForm1ParameterizedSeleniumKursFireFox.testForm1() - Navigation zum Formular
[INFO ] 2020-07-17 23:19:03,767 TestForm1ParameterizedSeleniumKursFireFox.testForm1() - Starte Eingabe Formular
[INFO ] 2020-07-17 23:19:05,830 TestForm1ParameterizedSeleniumKursFireFox.testForm1() - Eingaben durchgeführt. Speicher das Formular
[INFO ] 2020-07-17 23:19:06,684 TestForm1ParameterizedSeleniumKursFireFox.tearDown() - Test abgeschlossen- ich räume
[INFO ] 2020-07-17 23:25:28,114 TestForm1ParameterizedSeleniumKursFireFox.setUp() - Initialisiere Webdriver
[INFO ] 2020-07-17 23:25:33,522 TestForm1ParameterizedSeleniumKursFireFox.testForm1() - Starte TestForm1 Testseite
[INFO ] 2020-07-17 23:25:34,568 TestForm1ParameterizedSeleniumKursFireFox.testForm1() - Login war erfolgreich
[INFO ] 2020-07-17 23:25:36,137 TestForm1ParameterizedSeleniumKursFireFox.testForm1() - Navigation zum Formular
[INFO ] 2020-07-17 23:25:36,139 TestForm1ParameterizedSeleniumKursFireFox.testForm1() - Starte Eingabe Formular
[INFO ] 2020-07-17 23:25:38,175 TestForm1ParameterizedSeleniumKursFireFox.testForm1() - Eingaben durchgeführt. Speicher das Formular
[INFO ] 2020-07-17 23:25:38,909 TestForm1ParameterizedSeleniumKursFireFox.tearDown() - Test abgeschlossen- ich räume
